{"D:\\IDSHOP_BACKEND\\idshopcase-backend\\controllers\\adminProductController.js": {"path":"D:\\IDSHOP_BACKEND\\idshopcase-backend\\controllers\\adminProductController.js","statementMap":{"0":{"start":{"line":1,"column":33},"end":{"line":1,"column":53}},"1":{"start":{"line":2,"column":13},"end":{"line":2,"column":28}},"2":{"start":{"line":3,"column":11},"end":{"line":3,"column":24}},"3":{"start":{"line":5,"column":0},"end":{"line":56,"column":2}},"4":{"start":{"line":7,"column":4},"end":{"line":29,"column":5}},"5":{"start":{"line":8,"column":21},"end":{"line":8,"column":31}},"6":{"start":{"line":9,"column":26},"end":{"line":9,"column":56}},"7":{"start":{"line":11,"column":6},"end":{"line":13,"column":7}},"8":{"start":{"line":12,"column":8},"end":{"line":12,"column":75}},"9":{"start":{"line":15,"column":23},"end":{"line":15,"column":72}},"10":{"start":{"line":17,"column":6},"end":{"line":17,"column":64}},"11":{"start":{"line":18,"column":6},"end":{"line":18,"column":51}},"12":{"start":{"line":19,"column":6},"end":{"line":19,"column":59}},"13":{"start":{"line":21,"column":6},"end":{"line":23,"column":7}},"14":{"start":{"line":22,"column":8},"end":{"line":22,"column":67}},"15":{"start":{"line":25,"column":6},"end":{"line":25,"column":61}},"16":{"start":{"line":27,"column":6},"end":{"line":27,"column":25}},"17":{"start":{"line":28,"column":6},"end":{"line":28,"column":58}},"18":{"start":{"line":33,"column":4},"end":{"line":54,"column":5}},"19":{"start":{"line":34,"column":21},"end":{"line":34,"column":31}},"20":{"start":{"line":35,"column":44},"end":{"line":35,"column":52}},"21":{"start":{"line":37,"column":22},"end":{"line":37,"column":48}},"22":{"start":{"line":38,"column":6},"end":{"line":39,"column":70}},"23":{"start":{"line":39,"column":8},"end":{"line":39,"column":70}},"24":{"start":{"line":41,"column":6},"end":{"line":41,"column":63}},"25":{"start":{"line":42,"column":6},"end":{"line":42,"column":45}},"26":{"start":{"line":43,"column":6},"end":{"line":43,"column":45}},"27":{"start":{"line":45,"column":6},"end":{"line":45,"column":27}},"28":{"start":{"line":47,"column":6},"end":{"line":50,"column":9}},"29":{"start":{"line":52,"column":6},"end":{"line":52,"column":25}},"30":{"start":{"line":53,"column":6},"end":{"line":53,"column":58}}},"fnMap":{"0":{"name":"(anonymous_0)","decl":{"start":{"line":6,"column":23},"end":{"line":6,"column":24}},"loc":{"start":{"line":6,"column":43},"end":{"line":30,"column":3}},"line":6},"1":{"name":"(anonymous_1)","decl":{"start":{"line":32,"column":17},"end":{"line":32,"column":18}},"loc":{"start":{"line":32,"column":37},"end":{"line":55,"column":3}},"line":32}},"branchMap":{"0":{"loc":{"start":{"line":11,"column":6},"end":{"line":13,"column":7}},"type":"if","locations":[{"start":{"line":11,"column":6},"end":{"line":13,"column":7}},{"start":{},"end":{}}],"line":11},"1":{"loc":{"start":{"line":21,"column":6},"end":{"line":23,"column":7}},"type":"if","locations":[{"start":{"line":21,"column":6},"end":{"line":23,"column":7}},{"start":{},"end":{}}],"line":21},"2":{"loc":{"start":{"line":38,"column":6},"end":{"line":39,"column":70}},"type":"if","locations":[{"start":{"line":38,"column":6},"end":{"line":39,"column":70}},{"start":{},"end":{}}],"line":38},"3":{"loc":{"start":{"line":41,"column":28},"end":{"line":41,"column":62}},"type":"binary-expr","locations":[{"start":{"line":41,"column":28},"end":{"line":41,"column":39}},{"start":{"line":41,"column":43},"end":{"line":41,"column":62}}],"line":41},"4":{"loc":{"start":{"line":42,"column":22},"end":{"line":42,"column":44}},"type":"binary-expr","locations":[{"start":{"line":42,"column":22},"end":{"line":42,"column":27}},{"start":{"line":42,"column":31},"end":{"line":42,"column":44}}],"line":42},"5":{"loc":{"start":{"line":43,"column":22},"end":{"line":43,"column":44}},"type":"binary-expr","locations":[{"start":{"line":43,"column":22},"end":{"line":43,"column":27}},{"start":{"line":43,"column":31},"end":{"line":43,"column":44}}],"line":43}},"s":{"0":1,"1":1,"2":1,"3":1,"4":5,"5":5,"6":5,"7":4,"8":1,"9":3,"10":2,"11":2,"12":2,"13":2,"14":1,"15":1,"16":2,"17":2,"18":5,"19":5,"20":5,"21":5,"22":4,"23":1,"24":3,"25":3,"26":3,"27":3,"28":2,"29":2,"30":2},"f":{"0":5,"1":5},"b":{"0":[1,3],"1":[1,1],"2":[1,3],"3":[3,1],"4":[3,1],"5":[3,2]},"_coverageSchema":"1a1c01bbd47fc00a2c39e90264f33305004495a9","hash":"c8a8f4fa8fa932254cddb8f014f94c2e7f78de31"}
}
