{"D:\\Projek\\idshopcase-backend\\controllers\\adminProductController.js": {"path":"D:\\Projek\\idshopcase-backend\\controllers\\adminProductController.js","statementMap":{"0":{"start":{"line":1,"column":33},"end":{"line":1,"column":53}},"1":{"start":{"line":2,"column":13},"end":{"line":2,"column":28}},"2":{"start":{"line":3,"column":11},"end":{"line":3,"column":24}},"3":{"start":{"line":5,"column":0},"end":{"line":56,"column":2}},"4":{"start":{"line":7,"column":4},"end":{"line":29,"column":5}},"5":{"start":{"line":8,"column":21},"end":{"line":8,"column":31}},"6":{"start":{"line":9,"column":26},"end":{"line":9,"column":56}},"7":{"start":{"line":11,"column":6},"end":{"line":13,"column":7}},"8":{"start":{"line":12,"column":8},"end":{"line":12,"column":75}},"9":{"start":{"line":15,"column":23},"end":{"line":15,"column":72}},"10":{"start":{"line":17,"column":6},"end":{"line":17,"column":64}},"11":{"start":{"line":18,"column":6},"end":{"line":18,"column":51}},"12":{"start":{"line":19,"column":6},"end":{"line":19,"column":59}},"13":{"start":{"line":21,"column":6},"end":{"line":23,"column":7}},"14":{"start":{"line":22,"column":8},"end":{"line":22,"column":67}},"15":{"start":{"line":25,"column":6},"end":{"line":25,"column":61}},"16":{"start":{"line":27,"column":6},"end":{"line":27,"column":25}},"17":{"start":{"line":28,"column":6},"end":{"line":28,"column":58}},"18":{"start":{"line":33,"column":4},"end":{"line":54,"column":5}},"19":{"start":{"line":34,"column":21},"end":{"line":34,"column":31}},"20":{"start":{"line":35,"column":44},"end":{"line":35,"column":52}},"21":{"start":{"line":37,"column":22},"end":{"line":37,"column":48}},"22":{"start":{"line":38,"column":6},"end":{"line":39,"column":70}},"23":{"start":{"line":39,"column":8},"end":{"line":39,"column":70}},"24":{"start":{"line":41,"column":6},"end":{"line":41,"column":63}},"25":{"start":{"line":42,"column":6},"end":{"line":42,"column":45}},"26":{"start":{"line":43,"column":6},"end":{"line":43,"column":45}},"27":{"start":{"line":45,"column":6},"end":{"line":45,"column":27}},"28":{"start":{"line":47,"column":6},"end":{"line":50,"column":9}},"29":{"start":{"line":52,"column":6},"end":{"line":52,"column":25}},"30":{"start":{"line":53,"column":6},"end":{"line":53,"column":58}}},"fnMap":{"0":{"name":"(anonymous_0)","decl":{"start":{"line":6,"column":23},"end":{"line":6,"column":24}},"loc":{"start":{"line":6,"column":43},"end":{"line":30,"column":3}},"line":6},"1":{"name":"(anonymous_1)","decl":{"start":{"line":32,"column":17},"end":{"line":32,"column":18}},"loc":{"start":{"line":32,"column":37},"end":{"line":55,"column":3}},"line":32}},"branchMap":{"0":{"loc":{"start":{"line":11,"column":6},"end":{"line":13,"column":7}},"type":"if","locations":[{"start":{"line":11,"column":6},"end":{"line":13,"column":7}},{"start":{},"end":{}}],"line":11},"1":{"loc":{"start":{"line":21,"column":6},"end":{"line":23,"column":7}},"type":"if","locations":[{"start":{"line":21,"column":6},"end":{"line":23,"column":7}},{"start":{},"end":{}}],"line":21},"2":{"loc":{"start":{"line":38,"column":6},"end":{"line":39,"column":70}},"type":"if","locations":[{"start":{"line":38,"column":6},"end":{"line":39,"column":70}},{"start":{},"end":{}}],"line":38},"3":{"loc":{"start":{"line":41,"column":28},"end":{"line":41,"column":62}},"type":"binary-expr","locations":[{"start":{"line":41,"column":28},"end":{"line":41,"column":39}},{"start":{"line":41,"column":43},"end":{"line":41,"column":62}}],"line":41},"4":{"loc":{"start":{"line":42,"column":22},"end":{"line":42,"column":44}},"type":"binary-expr","locations":[{"start":{"line":42,"column":22},"end":{"line":42,"column":27}},{"start":{"line":42,"column":31},"end":{"line":42,"column":44}}],"line":42},"5":{"loc":{"start":{"line":43,"column":22},"end":{"line":43,"column":44}},"type":"binary-expr","locations":[{"start":{"line":43,"column":22},"end":{"line":43,"column":27}},{"start":{"line":43,"column":31},"end":{"line":43,"column":44}}],"line":43}},"s":{"0":1,"1":1,"2":1,"3":1,"4":5,"5":5,"6":5,"7":4,"8":1,"9":3,"10":2,"11":2,"12":2,"13":2,"14":1,"15":1,"16":2,"17":2,"18":5,"19":5,"20":5,"21":5,"22":4,"23":1,"24":3,"25":3,"26":3,"27":3,"28":2,"29":2,"30":2},"f":{"0":5,"1":5},"b":{"0":[1,3],"1":[1,1],"2":[1,3],"3":[3,1],"4":[3,1],"5":[3,2]},"_coverageSchema":"1a1c01bbd47fc00a2c39e90264f33305004495a9","hash":"3d9ceb0fedb8a90288b82f9968d7b4b296a8b49a"}
,"D:\\Projek\\idshopcase-backend\\controllers\\authController.js": {"path":"D:\\Projek\\idshopcase-backend\\controllers\\authController.js","statementMap":{"0":{"start":{"line":1,"column":17},"end":{"line":1,"column":37}},"1":{"start":{"line":2,"column":15},"end":{"line":2,"column":35}},"2":{"start":{"line":4,"column":12},"end":{"line":4,"column":35}},"3":{"start":{"line":5,"column":15},"end":{"line":5,"column":32}},"4":{"start":{"line":7,"column":42},"end":{"line":7,"column":66}},"5":{"start":{"line":8,"column":18},"end":{"line":8,"column":47}},"6":{"start":{"line":10,"column":0},"end":{"line":115,"column":2}},"7":{"start":{"line":12,"column":4},"end":{"line":25,"column":5}},"8":{"start":{"line":13,"column":40},"end":{"line":13,"column":48}},"9":{"start":{"line":14,"column":20},"end":{"line":14,"column":60}},"10":{"start":{"line":15,"column":6},"end":{"line":15,"column":80}},"11":{"start":{"line":15,"column":17},"end":{"line":15,"column":80}},"12":{"start":{"line":17,"column":21},"end":{"line":17,"column":49}},"13":{"start":{"line":18,"column":19},"end":{"line":18,"column":71}},"14":{"start":{"line":20,"column":84},"end":{"line":20,"column":97}},"15":{"start":{"line":22,"column":6},"end":{"line":22,"column":82}},"16":{"start":{"line":24,"column":6},"end":{"line":24,"column":58}},"17":{"start":{"line":29,"column":4},"end":{"line":42,"column":5}},"18":{"start":{"line":30,"column":34},"end":{"line":30,"column":42}},"19":{"start":{"line":31,"column":19},"end":{"line":31,"column":59}},"20":{"start":{"line":32,"column":6},"end":{"line":32,"column":76}},"21":{"start":{"line":32,"column":17},"end":{"line":32,"column":76}},"22":{"start":{"line":34,"column":20},"end":{"line":34,"column":66}},"23":{"start":{"line":35,"column":6},"end":{"line":35,"column":77}},"24":{"start":{"line":35,"column":18},"end":{"line":35,"column":77}},"25":{"start":{"line":37,"column":20},"end":{"line":37,"column":126}},"26":{"start":{"line":39,"column":6},"end":{"line":39,"column":59}},"27":{"start":{"line":41,"column":6},"end":{"line":41,"column":58}},"28":{"start":{"line":46,"column":4},"end":{"line":83,"column":5}},"29":{"start":{"line":47,"column":24},"end":{"line":47,"column":32}},"30":{"start":{"line":49,"column":19},"end":{"line":49,"column":59}},"31":{"start":{"line":50,"column":6},"end":{"line":50,"column":77}},"32":{"start":{"line":50,"column":17},"end":{"line":50,"column":77}},"33":{"start":{"line":53,"column":25},"end":{"line":53,"column":63}},"34":{"start":{"line":54,"column":29},"end":{"line":54,"column":89}},"35":{"start":{"line":57,"column":6},"end":{"line":57,"column":47}},"36":{"start":{"line":58,"column":6},"end":{"line":58,"column":61}},"37":{"start":{"line":59,"column":6},"end":{"line":59,"column":24}},"38":{"start":{"line":62,"column":23},"end":{"line":62,"column":81}},"39":{"start":{"line":64,"column":22},"end":{"line":68,"column":5}},"40":{"start":{"line":71,"column":6},"end":{"line":79,"column":7}},"41":{"start":{"line":72,"column":8},"end":{"line":72,"column":63}},"42":{"start":{"line":73,"column":8},"end":{"line":73,"column":59}},"43":{"start":{"line":75,"column":8},"end":{"line":75,"column":39}},"44":{"start":{"line":76,"column":8},"end":{"line":76,"column":40}},"45":{"start":{"line":77,"column":8},"end":{"line":77,"column":26}},"46":{"start":{"line":78,"column":8},"end":{"line":78,"column":98}},"47":{"start":{"line":81,"column":6},"end":{"line":81,"column":25}},"48":{"start":{"line":82,"column":6},"end":{"line":82,"column":56}},"49":{"start":{"line":87,"column":4},"end":{"line":113,"column":5}},"50":{"start":{"line":88,"column":24},"end":{"line":88,"column":34}},"51":{"start":{"line":89,"column":27},"end":{"line":89,"column":35}},"52":{"start":{"line":91,"column":29},"end":{"line":91,"column":84}},"53":{"start":{"line":93,"column":19},"end":{"line":98,"column":8}},"54":{"start":{"line":100,"column":6},"end":{"line":100,"column":86}},"55":{"start":{"line":100,"column":17},"end":{"line":100,"column":86}},"56":{"start":{"line":103,"column":6},"end":{"line":103,"column":51}},"57":{"start":{"line":104,"column":6},"end":{"line":104,"column":37}},"58":{"start":{"line":105,"column":6},"end":{"line":105,"column":38}},"59":{"start":{"line":107,"column":6},"end":{"line":107,"column":24}},"60":{"start":{"line":109,"column":6},"end":{"line":109,"column":73}},"61":{"start":{"line":111,"column":6},"end":{"line":111,"column":25}},"62":{"start":{"line":112,"column":6},"end":{"line":112,"column":56}}},"fnMap":{"0":{"name":"(anonymous_0)","decl":{"start":{"line":11,"column":12},"end":{"line":11,"column":13}},"loc":{"start":{"line":11,"column":32},"end":{"line":26,"column":3}},"line":11},"1":{"name":"(anonymous_1)","decl":{"start":{"line":28,"column":9},"end":{"line":28,"column":10}},"loc":{"start":{"line":28,"column":29},"end":{"line":43,"column":3}},"line":28},"2":{"name":"(anonymous_2)","decl":{"start":{"line":45,"column":18},"end":{"line":45,"column":19}},"loc":{"start":{"line":45,"column":38},"end":{"line":84,"column":3}},"line":45},"3":{"name":"(anonymous_3)","decl":{"start":{"line":86,"column":17},"end":{"line":86,"column":18}},"loc":{"start":{"line":86,"column":37},"end":{"line":114,"column":3}},"line":86}},"branchMap":{"0":{"loc":{"start":{"line":15,"column":6},"end":{"line":15,"column":80}},"type":"if","locations":[{"start":{"line":15,"column":6},"end":{"line":15,"column":80}},{"start":{},"end":{}}],"line":15},"1":{"loc":{"start":{"line":32,"column":6},"end":{"line":32,"column":76}},"type":"if","locations":[{"start":{"line":32,"column":6},"end":{"line":32,"column":76}},{"start":{},"end":{}}],"line":32},"2":{"loc":{"start":{"line":35,"column":6},"end":{"line":35,"column":77}},"type":"if","locations":[{"start":{"line":35,"column":6},"end":{"line":35,"column":77}},{"start":{},"end":{}}],"line":35},"3":{"loc":{"start":{"line":50,"column":6},"end":{"line":50,"column":77}},"type":"if","locations":[{"start":{"line":50,"column":6},"end":{"line":50,"column":77}},{"start":{},"end":{}}],"line":50},"4":{"loc":{"start":{"line":100,"column":6},"end":{"line":100,"column":86}},"type":"if","locations":[{"start":{"line":100,"column":6},"end":{"line":100,"column":86}},{"start":{},"end":{}}],"line":100}},"s":{"0":1,"1":1,"2":1,"3":1,"4":1,"5":1,"6":1,"7":3,"8":3,"9":3,"10":2,"11":1,"12":1,"13":1,"14":1,"15":1,"16":1,"17":4,"18":4,"19":4,"20":3,"21":1,"22":2,"23":2,"24":1,"25":1,"26":1,"27":1,"28":4,"29":4,"30":4,"31":4,"32":1,"33":3,"34":3,"35":3,"36":3,"37":3,"38":3,"39":3,"40":3,"41":3,"42":1,"43":2,"44":2,"45":2,"46":2,"47":0,"48":0,"49":3,"50":3,"51":3,"52":3,"53":3,"54":2,"55":1,"56":1,"57":1,"58":1,"59":1,"60":1,"61":1,"62":1},"f":{"0":3,"1":4,"2":4,"3":3},"b":{"0":[1,1],"1":[1,2],"2":[1,1],"3":[1,3],"4":[1,1]},"_coverageSchema":"1a1c01bbd47fc00a2c39e90264f33305004495a9","hash":"72ff0d4f65945c573753e41589f5be3832ebe42b"}
,"D:\\Projek\\idshopcase-backend\\controllers\\cartController.js": {"path":"D:\\Projek\\idshopcase-backend\\controllers\\cartController.js","statementMap":{"0":{"start":{"line":1,"column":49},"end":{"line":1,"column":69}},"1":{"start":{"line":3,"column":0},"end":{"line":93,"column":2}},"2":{"start":{"line":5,"column":4},"end":{"line":26,"column":5}},"3":{"start":{"line":6,"column":21},"end":{"line":6,"column":32}},"4":{"start":{"line":8,"column":19},"end":{"line":16,"column":8}},"5":{"start":{"line":18,"column":6},"end":{"line":20,"column":7}},"6":{"start":{"line":19,"column":8},"end":{"line":19,"column":67}},"7":{"start":{"line":22,"column":6},"end":{"line":22,"column":28}},"8":{"start":{"line":24,"column":6},"end":{"line":24,"column":25}},"9":{"start":{"line":25,"column":6},"end":{"line":25,"column":58}},"10":{"start":{"line":30,"column":4},"end":{"line":53,"column":5}},"11":{"start":{"line":31,"column":21},"end":{"line":31,"column":32}},"12":{"start":{"line":32,"column":53},"end":{"line":32,"column":61}},"13":{"start":{"line":34,"column":22},"end":{"line":34,"column":55}},"14":{"start":{"line":35,"column":6},"end":{"line":37,"column":7}},"15":{"start":{"line":36,"column":8},"end":{"line":36,"column":70}},"16":{"start":{"line":39,"column":21},"end":{"line":39,"column":67}},"17":{"start":{"line":41,"column":19},"end":{"line":47,"column":8}},"18":{"start":{"line":49,"column":6},"end":{"line":49,"column":75}},"19":{"start":{"line":51,"column":6},"end":{"line":51,"column":25}},"20":{"start":{"line":52,"column":6},"end":{"line":52,"column":58}},"21":{"start":{"line":57,"column":4},"end":{"line":74,"column":5}},"22":{"start":{"line":58,"column":21},"end":{"line":58,"column":31}},"23":{"start":{"line":59,"column":27},"end":{"line":59,"column":35}},"24":{"start":{"line":61,"column":19},"end":{"line":61,"column":70}},"25":{"start":{"line":62,"column":6},"end":{"line":64,"column":7}},"26":{"start":{"line":63,"column":8},"end":{"line":63,"column":72}},"27":{"start":{"line":66,"column":6},"end":{"line":66,"column":31}},"28":{"start":{"line":67,"column":6},"end":{"line":67,"column":49}},"29":{"start":{"line":68,"column":6},"end":{"line":68,"column":24}},"30":{"start":{"line":70,"column":6},"end":{"line":70,"column":62}},"31":{"start":{"line":72,"column":6},"end":{"line":72,"column":25}},"32":{"start":{"line":73,"column":6},"end":{"line":73,"column":58}},"33":{"start":{"line":78,"column":4},"end":{"line":91,"column":5}},"34":{"start":{"line":79,"column":21},"end":{"line":79,"column":31}},"35":{"start":{"line":81,"column":19},"end":{"line":81,"column":46}},"36":{"start":{"line":82,"column":6},"end":{"line":84,"column":7}},"37":{"start":{"line":83,"column":8},"end":{"line":83,"column":72}},"38":{"start":{"line":86,"column":6},"end":{"line":86,"column":27}},"39":{"start":{"line":87,"column":6},"end":{"line":87,"column":61}},"40":{"start":{"line":89,"column":6},"end":{"line":89,"column":25}},"41":{"start":{"line":90,"column":6},"end":{"line":90,"column":58}}},"fnMap":{"0":{"name":"(anonymous_0)","decl":{"start":{"line":4,"column":11},"end":{"line":4,"column":12}},"loc":{"start":{"line":4,"column":31},"end":{"line":27,"column":3}},"line":4},"1":{"name":"(anonymous_1)","decl":{"start":{"line":29,"column":13},"end":{"line":29,"column":14}},"loc":{"start":{"line":29,"column":33},"end":{"line":54,"column":3}},"line":29},"2":{"name":"(anonymous_2)","decl":{"start":{"line":56,"column":18},"end":{"line":56,"column":19}},"loc":{"start":{"line":56,"column":38},"end":{"line":75,"column":3}},"line":56},"3":{"name":"(anonymous_3)","decl":{"start":{"line":77,"column":18},"end":{"line":77,"column":19}},"loc":{"start":{"line":77,"column":38},"end":{"line":92,"column":3}},"line":77}},"branchMap":{"0":{"loc":{"start":{"line":18,"column":6},"end":{"line":20,"column":7}},"type":"if","locations":[{"start":{"line":18,"column":6},"end":{"line":20,"column":7}},{"start":{},"end":{}}],"line":18},"1":{"loc":{"start":{"line":35,"column":6},"end":{"line":37,"column":7}},"type":"if","locations":[{"start":{"line":35,"column":6},"end":{"line":37,"column":7}},{"start":{},"end":{}}],"line":35},"2":{"loc":{"start":{"line":44,"column":23},"end":{"line":44,"column":44}},"type":"binary-expr","locations":[{"start":{"line":44,"column":23},"end":{"line":44,"column":36}},{"start":{"line":44,"column":40},"end":{"line":44,"column":44}}],"line":44},"3":{"loc":{"start":{"line":62,"column":6},"end":{"line":64,"column":7}},"type":"if","locations":[{"start":{"line":62,"column":6},"end":{"line":64,"column":7}},{"start":{},"end":{}}],"line":62},"4":{"loc":{"start":{"line":82,"column":6},"end":{"line":84,"column":7}},"type":"if","locations":[{"start":{"line":82,"column":6},"end":{"line":84,"column":7}},{"start":{},"end":{}}],"line":82}},"s":{"0":1,"1":1,"2":3,"3":3,"4":3,"5":2,"6":1,"7":1,"8":1,"9":1,"10":3,"11":3,"12":3,"13":3,"14":2,"15":1,"16":1,"17":1,"18":1,"19":1,"20":1,"21":3,"22":3,"23":3,"24":3,"25":2,"26":1,"27":1,"28":1,"29":1,"30":1,"31":1,"32":1,"33":3,"34":3,"35":3,"36":2,"37":1,"38":1,"39":1,"40":1,"41":1},"f":{"0":3,"1":3,"2":3,"3":3},"b":{"0":[1,1],"1":[1,1],"2":[1,1],"3":[1,1],"4":[1,1]},"_coverageSchema":"1a1c01bbd47fc00a2c39e90264f33305004495a9","hash":"332f2b080a0d96e1b68ecba1d5c7937f624a5375"}
,"D:\\Projek\\idshopcase-backend\\controllers\\productController.js": {"path":"D:\\Projek\\idshopcase-backend\\controllers\\productController.js","statementMap":{"0":{"start":{"line":1,"column":33},"end":{"line":1,"column":53}},"1":{"start":{"line":2,"column":13},"end":{"line":2,"column":28}},"2":{"start":{"line":3,"column":11},"end":{"line":3,"column":24}},"3":{"start":{"line":5,"column":0},"end":{"line":67,"column":2}},"4":{"start":{"line":7,"column":4},"end":{"line":12,"column":5}},"5":{"start":{"line":8,"column":23},"end":{"line":8,"column":46}},"6":{"start":{"line":9,"column":6},"end":{"line":9,"column":32}},"7":{"start":{"line":11,"column":6},"end":{"line":11,"column":58}},"8":{"start":{"line":16,"column":4},"end":{"line":23,"column":5}},"9":{"start":{"line":17,"column":22},"end":{"line":17,"column":59}},"10":{"start":{"line":18,"column":6},"end":{"line":19,"column":70}},"11":{"start":{"line":19,"column":8},"end":{"line":19,"column":70}},"12":{"start":{"line":20,"column":6},"end":{"line":20,"column":31}},"13":{"start":{"line":22,"column":6},"end":{"line":22,"column":58}},"14":{"start":{"line":27,"column":4},"end":{"line":65,"column":5}},"15":{"start":{"line":28,"column":28},"end":{"line":28,"column":36}},"16":{"start":{"line":29,"column":22},"end":{"line":29,"column":55}},"17":{"start":{"line":31,"column":6},"end":{"line":35,"column":7}},"18":{"start":{"line":32,"column":8},"end":{"line":34,"column":65}},"19":{"start":{"line":37,"column":6},"end":{"line":39,"column":7}},"20":{"start":{"line":38,"column":8},"end":{"line":38,"column":70}},"21":{"start":{"line":41,"column":6},"end":{"line":43,"column":7}},"22":{"start":{"line":42,"column":8},"end":{"line":42,"column":77}},"23":{"start":{"line":45,"column":29},"end":{"line":45,"column":31}},"24":{"start":{"line":46,"column":6},"end":{"line":57,"column":7}},"25":{"start":{"line":47,"column":29},"end":{"line":47,"column":64}},"26":{"start":{"line":49,"column":22},"end":{"line":54,"column":10}},"27":{"start":{"line":56,"column":8},"end":{"line":56,"column":35}},"28":{"start":{"line":59,"column":6},"end":{"line":62,"column":9}},"29":{"start":{"line":64,"column":6},"end":{"line":64,"column":58}}},"fnMap":{"0":{"name":"(anonymous_0)","decl":{"start":{"line":6,"column":15},"end":{"line":6,"column":16}},"loc":{"start":{"line":6,"column":35},"end":{"line":13,"column":3}},"line":6},"1":{"name":"(anonymous_1)","decl":{"start":{"line":15,"column":18},"end":{"line":15,"column":19}},"loc":{"start":{"line":15,"column":38},"end":{"line":24,"column":3}},"line":15},"2":{"name":"(anonymous_2)","decl":{"start":{"line":26,"column":21},"end":{"line":26,"column":22}},"loc":{"start":{"line":26,"column":41},"end":{"line":66,"column":3}},"line":26}},"branchMap":{"0":{"loc":{"start":{"line":18,"column":6},"end":{"line":19,"column":70}},"type":"if","locations":[{"start":{"line":18,"column":6},"end":{"line":19,"column":70}},{"start":{},"end":{}}],"line":18},"1":{"loc":{"start":{"line":31,"column":6},"end":{"line":35,"column":7}},"type":"if","locations":[{"start":{"line":31,"column":6},"end":{"line":35,"column":7}},{"start":{},"end":{}}],"line":31},"2":{"loc":{"start":{"line":31,"column":10},"end":{"line":31,"column":56}},"type":"binary-expr","locations":[{"start":{"line":31,"column":10},"end":{"line":31,"column":18}},{"start":{"line":31,"column":22},"end":{"line":31,"column":56}}],"line":31},"3":{"loc":{"start":{"line":37,"column":6},"end":{"line":39,"column":7}},"type":"if","locations":[{"start":{"line":37,"column":6},"end":{"line":39,"column":7}},{"start":{},"end":{}}],"line":37},"4":{"loc":{"start":{"line":37,"column":10},"end":{"line":37,"column":46}},"type":"binary-expr","locations":[{"start":{"line":37,"column":10},"end":{"line":37,"column":20}},{"start":{"line":37,"column":24},"end":{"line":37,"column":46}}],"line":37},"5":{"loc":{"start":{"line":41,"column":6},"end":{"line":43,"column":7}},"type":"if","locations":[{"start":{"line":41,"column":6},"end":{"line":43,"column":7}},{"start":{},"end":{}}],"line":41}},"s":{"0":1,"1":1,"2":1,"3":1,"4":2,"5":2,"6":1,"7":1,"8":3,"9":3,"10":2,"11":1,"12":1,"13":1,"14":5,"15":5,"16":5,"17":4,"18":1,"19":3,"20":1,"21":2,"22":1,"23":1,"24":1,"25":2,"26":2,"27":2,"28":1,"29":1},"f":{"0":2,"1":3,"2":5},"b":{"0":[1,1],"1":[1,3],"2":[4,4],"3":[1,2],"4":[3,3],"5":[1,1]},"_coverageSchema":"1a1c01bbd47fc00a2c39e90264f33305004495a9","hash":"8933112e6760c63481fcf0d88f4723cbc3dda64d"}
,"D:\\Projek\\idshopcase-backend\\mocks\\models\\index.js": {"path":"D:\\Projek\\idshopcase-backend\\mocks\\models\\index.js","statementMap":{"0":{"start":{"line":1,"column":0},"end":{"line":9,"column":2}}},"fnMap":{},"branchMap":{},"s":{"0":1},"f":{},"b":{},"_coverageSchema":"1a1c01bbd47fc00a2c39e90264f33305004495a9","hash":"406427bd58682ddd6b72d289b887d988e344eee9"}
,"D:\\Projek\\idshopcase-backend\\utils\\hash.js": {"path":"D:\\Projek\\idshopcase-backend\\utils\\hash.js","statementMap":{"0":{"start":{"line":1,"column":15},"end":{"line":1,"column":34}},"1":{"start":{"line":3,"column":21},"end":{"line":6,"column":1}},"2":{"start":{"line":4,"column":15},"end":{"line":4,"column":39}},"3":{"start":{"line":5,"column":2},"end":{"line":5,"column":37}},"4":{"start":{"line":8,"column":24},"end":{"line":10,"column":1}},"5":{"start":{"line":9,"column":2},"end":{"line":9,"column":40}},"6":{"start":{"line":12,"column":0},"end":{"line":12,"column":51}}},"fnMap":{"0":{"name":"(anonymous_0)","decl":{"start":{"line":3,"column":21},"end":{"line":3,"column":22}},"loc":{"start":{"line":3,"column":41},"end":{"line":6,"column":1}},"line":3},"1":{"name":"(anonymous_1)","decl":{"start":{"line":8,"column":24},"end":{"line":8,"column":25}},"loc":{"start":{"line":8,"column":50},"end":{"line":10,"column":1}},"line":8}},"branchMap":{},"s":{"0":1,"1":1,"2":2,"3":1,"4":1,"5":1,"6":1},"f":{"0":2,"1":1},"b":{},"_coverageSchema":"1a1c01bbd47fc00a2c39e90264f33305004495a9","hash":"79d38bb73dc316b101d20e72801dcda0ce5f7fba"}
,"D:\\Projek\\idshopcase-backend\\utils\\sendEmail.js": {"path":"D:\\Projek\\idshopcase-backend\\utils\\sendEmail.js","statementMap":{"0":{"start":{"line":1,"column":19},"end":{"line":1,"column":40}},"1":{"start":{"line":3,"column":18},"end":{"line":33,"column":1}},"2":{"start":{"line":4,"column":2},"end":{"line":32,"column":3}},"3":{"start":{"line":5,"column":24},"end":{"line":13,"column":6}},"4":{"start":{"line":16,"column":24},"end":{"line":24,"column":5}},"5":{"start":{"line":27,"column":4},"end":{"line":27,"column":44}},"6":{"start":{"line":28,"column":4},"end":{"line":28,"column":39}},"7":{"start":{"line":30,"column":4},"end":{"line":30,"column":43}},"8":{"start":{"line":31,"column":4},"end":{"line":31,"column":14}},"9":{"start":{"line":35,"column":0},"end":{"line":35,"column":27}}},"fnMap":{"0":{"name":"(anonymous_0)","decl":{"start":{"line":3,"column":18},"end":{"line":3,"column":19}},"loc":{"start":{"line":3,"column":47},"end":{"line":33,"column":1}},"line":3}},"branchMap":{},"s":{"0":2,"1":2,"2":2,"3":2,"4":2,"5":2,"6":1,"7":1,"8":1,"9":2},"f":{"0":2},"b":{},"_coverageSchema":"1a1c01bbd47fc00a2c39e90264f33305004495a9","hash":"056d49959e01006e05ba2a40b3c05d815480d127"}
}
