TN:
SF:controllers\adminProductController.js
FN:6,(anonymous_0)
FN:32,(anonymous_1)
FNF:2
FNH:2
FNDA:5,(anonymous_0)
FNDA:5,(anonymous_1)
DA:1,1
DA:2,1
DA:3,1
DA:5,1
DA:7,5
DA:8,5
DA:9,5
DA:11,4
DA:12,1
DA:15,3
DA:17,2
DA:18,2
DA:19,2
DA:21,2
DA:22,1
DA:25,1
DA:27,2
DA:28,2
DA:33,5
DA:34,5
DA:35,5
DA:37,5
DA:38,4
DA:39,1
DA:41,3
DA:42,3
DA:43,3
DA:45,3
DA:47,2
DA:52,2
DA:53,2
LF:31
LH:31
BRDA:11,0,0,1
BRDA:11,0,1,3
BRDA:21,1,0,1
BRDA:21,1,1,1
BRDA:38,2,0,1
BRDA:38,2,1,3
BRDA:41,3,0,3
BRDA:41,3,1,1
BRDA:42,4,0,3
BRDA:42,4,1,1
BRDA:43,5,0,3
BRDA:43,5,1,2
BRF:12
BRH:12
end_of_record
TN:
SF:controllers\authController.js
FN:11,(anonymous_0)
FN:28,(anonymous_1)
FN:45,(anonymous_2)
FN:86,(anonymous_3)
FNF:4
FNH:4
FNDA:3,(anonymous_0)
FNDA:4,(anonymous_1)
FNDA:4,(anonymous_2)
FNDA:3,(anonymous_3)
DA:1,1
DA:2,1
DA:4,1
DA:5,1
DA:7,1
DA:8,1
DA:10,1
DA:12,3
DA:13,3
DA:14,3
DA:15,2
DA:17,1
DA:18,1
DA:20,1
DA:22,1
DA:24,1
DA:29,4
DA:30,4
DA:31,4
DA:32,3
DA:34,2
DA:35,2
DA:37,1
DA:39,1
DA:41,1
DA:46,4
DA:47,4
DA:49,4
DA:50,4
DA:53,3
DA:54,3
DA:57,3
DA:58,3
DA:59,3
DA:62,3
DA:64,3
DA:71,3
DA:72,3
DA:73,1
DA:75,2
DA:76,2
DA:77,2
DA:78,2
DA:81,0
DA:82,0
DA:87,3
DA:88,3
DA:89,3
DA:91,3
DA:93,3
DA:100,2
DA:103,1
DA:104,1
DA:105,1
DA:107,1
DA:109,1
DA:111,1
DA:112,1
LF:58
LH:56
BRDA:15,0,0,1
BRDA:15,0,1,1
BRDA:32,1,0,1
BRDA:32,1,1,2
BRDA:35,2,0,1
BRDA:35,2,1,1
BRDA:50,3,0,1
BRDA:50,3,1,3
BRDA:100,4,0,1
BRDA:100,4,1,1
BRF:10
BRH:10
end_of_record
TN:
SF:controllers\cartController.js
FN:4,(anonymous_0)
FN:29,(anonymous_1)
FN:56,(anonymous_2)
FN:77,(anonymous_3)
FNF:4
FNH:4
FNDA:3,(anonymous_0)
FNDA:3,(anonymous_1)
FNDA:3,(anonymous_2)
FNDA:3,(anonymous_3)
DA:1,1
DA:3,1
DA:5,3
DA:6,3
DA:8,3
DA:18,2
DA:19,1
DA:22,1
DA:24,1
DA:25,1
DA:30,3
DA:31,3
DA:32,3
DA:34,3
DA:35,2
DA:36,1
DA:39,1
DA:41,1
DA:49,1
DA:51,1
DA:52,1
DA:57,3
DA:58,3
DA:59,3
DA:61,3
DA:62,2
DA:63,1
DA:66,1
DA:67,1
DA:68,1
DA:70,1
DA:72,1
DA:73,1
DA:78,3
DA:79,3
DA:81,3
DA:82,2
DA:83,1
DA:86,1
DA:87,1
DA:89,1
DA:90,1
LF:42
LH:42
BRDA:18,0,0,1
BRDA:18,0,1,1
BRDA:35,1,0,1
BRDA:35,1,1,1
BRDA:44,2,0,1
BRDA:44,2,1,1
BRDA:62,3,0,1
BRDA:62,3,1,1
BRDA:82,4,0,1
BRDA:82,4,1,1
BRF:10
BRH:10
end_of_record
TN:
SF:controllers\productController.js
FN:6,(anonymous_0)
FN:15,(anonymous_1)
FN:26,(anonymous_2)
FNF:3
FNH:3
FNDA:2,(anonymous_0)
FNDA:3,(anonymous_1)
FNDA:5,(anonymous_2)
DA:1,1
DA:2,1
DA:3,1
DA:5,1
DA:7,2
DA:8,2
DA:9,1
DA:11,1
DA:16,3
DA:17,3
DA:18,2
DA:19,1
DA:20,1
DA:22,1
DA:27,5
DA:28,5
DA:29,5
DA:31,4
DA:32,1
DA:37,3
DA:38,1
DA:41,2
DA:42,1
DA:45,1
DA:46,1
DA:47,2
DA:49,2
DA:56,2
DA:59,1
DA:64,1
LF:30
LH:30
BRDA:18,0,0,1
BRDA:18,0,1,1
BRDA:31,1,0,1
BRDA:31,1,1,3
BRDA:31,2,0,4
BRDA:31,2,1,4
BRDA:37,3,0,1
BRDA:37,3,1,2
BRDA:37,4,0,3
BRDA:37,4,1,3
BRDA:41,5,0,1
BRDA:41,5,1,1
BRF:12
BRH:12
end_of_record
TN:
SF:controllers\userController.js
FN:7,(anonymous_0)
FN:21,(anonymous_1)
FN:62,(anonymous_2)
FN:82,(anonymous_3)
FN:123,(anonymous_4)
FN:151,(anonymous_5)
FN:202,(anonymous_6)
FN:237,(anonymous_7)
FN:248,(anonymous_8)
FN:260,(anonymous_9)
FN:279,(anonymous_10)
FNF:11
FNH:11
FNDA:3,(anonymous_0)
FNDA:4,(anonymous_1)
FNDA:2,(anonymous_2)
FNDA:2,(anonymous_3)
FNDA:3,(anonymous_4)
FNDA:3,(anonymous_5)
FNDA:2,(anonymous_6)
FNDA:2,(anonymous_7)
FNDA:3,(anonymous_8)
FNDA:2,(anonymous_9)
FNDA:3,(anonymous_10)
DA:1,1
DA:2,1
DA:3,1
DA:4,1
DA:6,1
DA:8,3
DA:9,3
DA:14,2
DA:15,1
DA:17,1
DA:22,4
DA:23,4
DA:24,4
DA:26,3
DA:28,2
DA:29,2
DA:32,2
DA:34,1
DA:35,1
DA:36,1
DA:37,1
DA:42,1
DA:45,2
DA:47,2
DA:58,1
DA:63,2
DA:64,2
DA:65,2
DA:67,2
DA:69,2
DA:70,2
DA:71,1
DA:73,1
DA:74,1
DA:76,1
DA:78,0
DA:83,2
DA:94,2
DA:97,2
DA:98,1
DA:104,2
DA:117,1
DA:119,1
DA:124,3
DA:125,3
DA:141,2
DA:142,1
DA:145,1
DA:147,1
DA:152,3
DA:153,3
DA:164,3
DA:166,3
DA:169,2
DA:171,1
DA:173,1
DA:174,0
DA:178,0
DA:180,0
DA:181,0
DA:184,1
DA:185,1
DA:186,1
DA:187,1
DA:188,1
DA:189,1
DA:190,1
DA:191,1
DA:192,1
DA:194,1
DA:196,1
DA:198,1
DA:203,2
DA:204,2
DA:205,2
DA:209,1
DA:211,1
DA:214,1
DA:217,1
DA:219,1
DA:224,1
DA:225,1
DA:226,1
DA:230,1
DA:232,1
DA:238,2
DA:239,2
DA:242,1
DA:244,1
DA:249,3
DA:250,3
DA:253,2
DA:254,1
DA:256,1
DA:261,2
DA:262,2
DA:263,2
DA:265,1
DA:267,1
DA:268,1
DA:269,1
DA:270,1
DA:272,1
DA:273,1
DA:275,1
DA:280,3
DA:281,3
DA:282,2
DA:284,1
DA:285,1
DA:286,1
DA:289,1
DA:290,1
DA:292,1
LF:114
LH:109
BRDA:14,0,0,1
BRDA:14,0,1,1
BRDA:26,1,0,1
BRDA:26,1,1,2
BRDA:28,2,0,2
BRDA:28,2,1,1
BRDA:29,3,0,2
BRDA:29,3,1,2
BRDA:32,4,0,1
BRDA:32,4,1,1
BRDA:34,5,0,1
BRDA:34,5,1,0
BRDA:36,6,0,1
BRDA:36,6,1,0
BRDA:67,7,0,0
BRDA:67,7,1,2
BRDA:70,8,0,1
BRDA:70,8,1,1
BRDA:97,9,0,1
BRDA:97,9,1,1
BRDA:141,10,0,1
BRDA:141,10,1,1
BRDA:141,11,0,2
BRDA:141,11,1,2
BRDA:169,12,0,1
BRDA:169,12,1,1
BRDA:171,13,0,1
BRDA:171,13,1,0
BRDA:173,14,0,0
BRDA:173,14,1,1
BRDA:180,15,0,0
BRDA:180,15,1,0
BRDA:184,16,0,1
BRDA:184,16,1,1
BRDA:185,17,0,1
BRDA:185,17,1,1
BRDA:186,18,0,1
BRDA:186,18,1,1
BRDA:187,19,0,1
BRDA:187,19,1,1
BRDA:188,20,0,1
BRDA:188,20,1,1
BRDA:189,21,0,1
BRDA:189,21,1,1
BRDA:190,22,0,1
BRDA:190,22,1,1
BRDA:191,23,0,1
BRDA:191,23,1,1
BRDA:192,24,0,1
BRDA:192,24,1,0
BRDA:209,25,0,0
BRDA:209,25,1,1
BRDA:217,26,0,1
BRDA:217,26,1,0
BRDA:224,27,0,1
BRDA:224,27,1,0
BRDA:253,28,0,1
BRDA:253,28,1,1
BRDA:265,29,0,0
BRDA:265,29,1,1
BRDA:267,30,0,1
BRDA:267,30,1,0
BRDA:268,31,0,1
BRDA:268,31,1,1
BRDA:269,32,0,1
BRDA:269,32,1,1
BRDA:270,33,0,1
BRDA:270,33,1,1
BRDA:282,34,0,1
BRDA:282,34,1,1
BRDA:284,35,0,1
BRDA:284,35,1,0
BRDA:286,36,0,1
BRDA:286,36,1,0
BRF:74
BRH:59
end_of_record
TN:
SF:mocks\models\index.js
FNF:0
FNH:0
DA:1,2
LF:1
LH:1
BRF:0
BRH:0
end_of_record
TN:
SF:utils\hash.js
FN:3,(anonymous_0)
FN:8,(anonymous_1)
FNF:2
FNH:2
FNDA:2,(anonymous_0)
FNDA:1,(anonymous_1)
DA:1,2
DA:3,2
DA:4,2
DA:5,1
DA:8,2
DA:9,1
DA:12,2
LF:7
LH:7
BRF:0
BRH:0
end_of_record
TN:
SF:utils\sendEmail.js
FN:3,(anonymous_0)
FNF:1
FNH:1
FNDA:2,(anonymous_0)
DA:1,2
DA:3,2
DA:4,2
DA:5,2
DA:16,2
DA:27,2
DA:28,1
DA:30,1
DA:31,1
DA:35,2
LF:10
LH:10
BRF:0
BRH:0
end_of_record
