TN:
SF:controllers\adminProductController.js
FN:6,(anonymous_0)
FN:32,(anonymous_1)
FNF:2
FNH:2
FNDA:5,(anonymous_0)
FNDA:5,(anonymous_1)
DA:1,1
DA:2,1
DA:3,1
DA:5,1
DA:7,5
DA:8,5
DA:9,5
DA:11,4
DA:12,1
DA:15,3
DA:17,2
DA:18,2
DA:19,2
DA:21,2
DA:22,1
DA:25,1
DA:27,2
DA:28,2
DA:33,5
DA:34,5
DA:35,5
DA:37,5
DA:38,4
DA:39,1
DA:41,3
DA:42,3
DA:43,3
DA:45,3
DA:47,2
DA:52,2
DA:53,2
LF:31
LH:31
BRDA:11,0,0,1
BRDA:11,0,1,3
BRDA:21,1,0,1
BRDA:21,1,1,1
BRDA:38,2,0,1
BRDA:38,2,1,3
BRDA:41,3,0,3
BRDA:41,3,1,1
BRDA:42,4,0,3
BRDA:42,4,1,1
BRDA:43,5,0,3
BRDA:43,5,1,2
BRF:12
BRH:12
end_of_record
